2014-12-11 14:28:28.554 DEBUG TaigaClient:? - Deleting project ==> 133 - Adam Opel AG
2014-12-11 14:28:28.695 DEBUG TaigaClient:? - Deleting project ==> 132 - Clients
2014-12-11 14:28:28.769 DEBUG TaigaClient:? - Deleting project ==> 134 - GM Russia POST Website (Opel Post)
2014-12-11 14:28:28.837 DEBUG TaigaClient:? - Deleting project ==> 135 - test
2014-12-11 14:28:31.407 DEBUG TaigaClient:? - Saving project ==> Clients
2014-12-11 14:28:31.761 DEBUG TaigaClient:? - Saving project ==> Adam Opel AG
2014-12-11 14:28:32.023 DEBUG TaigaClient:? - Saving project ==> GM Russia POST Website (Opel Post)
2014-12-11 14:28:33.237 DEBUG TaigaClient:? - Saving project ==> Opel Kommunikation Kundenzufriedenheit / Händler
2014-12-11 14:28:34.406 DEBUG TaigaClient:? - Saving project ==> Opel Post Website
2014-12-11 14:28:36.268 DEBUG TaigaClient:? - Saving project ==> Aldiana GmbH
2014-12-11 14:28:36.532 DEBUG TaigaClient:? - Saving project ==> Aldiana Middleware
2014-12-11 14:28:37.366 DEBUG TaigaClient:? - Saving project ==> Aldiana TYPO3
2014-12-11 14:28:38.455 DEBUG TaigaClient:? - Saving project ==> Chevrolet and Cadillac Europe
2014-12-11 14:28:38.882 DEBUG TaigaClient:? - Saving project ==> Cadillac Highlights Newsletter
2014-12-11 14:28:39.157 DEBUG TaigaClient:? - Saving project ==> D+S communication center management GmbH
2014-12-11 14:28:39.423 DEBUG TaigaClient:? - Saving project ==> D+S HR Communication Pitch
2014-12-11 14:28:39.664 DEBUG TaigaClient:? - Saving project ==> Doll Fahrzeugbau GmbH
2014-12-11 14:28:39.903 DEBUG TaigaClient:? - Saving project ==> Doll Website-Relaunch
2014-12-11 14:28:40.249 DEBUG TaigaClient:? - Saving project ==> Julius Baer
2014-12-11 14:28:52.729 DEBUG TaigaClient:? - Saving project ==> Agreements and Todos
2014-12-11 14:28:56.456 DEBUG TaigaClient:? - Saving project ==> Content
2014-12-11 14:29:00.645 DEBUG TaigaClient:? - Saving project ==> eMuseum
2014-12-11 14:29:00.877 DEBUG TaigaClient:? - Saving project ==> Generation Y
2014-12-11 14:29:02.287 DEBUG TaigaClient:? - Saving project ==> India
2014-12-11 14:29:02.609 DEBUG TaigaClient:? - Saving project ==> IT Support
2014-12-11 14:29:02.929 DEBUG TaigaClient:? - Saving project ==> JB Image Database
2014-12-11 14:29:03.902 DEBUG TaigaClient:? - Saving project ==> Julius Baer App Ideen Präsentation
2014-12-11 14:29:04.162 DEBUG TaigaClient:? - Saving project ==> Login Screen für e-Banking
2014-12-11 14:29:04.405 DEBUG TaigaClient:? - Saving project ==> News + Corporate
2014-12-11 14:29:04.789 DEBUG TaigaClient:? - Saving project ==> RM-Tool Design
2014-12-11 14:29:05.116 DEBUG TaigaClient:? - Saving project ==> Testing
2014-12-11 14:29:10.362 DEBUG TaigaClient:? - Saving project ==> Translations
2014-12-11 14:29:13.829 DEBUG TaigaClient:? - Saving project ==> TYPO3 as Publishing Workbench
2014-12-11 14:29:14.070 DEBUG TaigaClient:? - Saving project ==> Usability suggestions
2014-12-11 14:29:14.404 DEBUG TaigaClient:? - Saving project ==> Just Intelligence
2014-12-11 14:29:14.630 DEBUG TaigaClient:? - Saving project ==> Relaunch
2014-12-11 14:29:14.857 DEBUG TaigaClient:? - Saving project ==> Small Clients
2014-12-11 14:29:15.083 DEBUG TaigaClient:? - Saving project ==> WebService First
2014-12-11 14:29:15.425 DEBUG TaigaClient:? - Saving project ==> Intern
2014-12-11 14:29:15.817 DEBUG TaigaClient:? - Saving project ==> 1. Büro Administration/Orga
2014-12-11 14:29:16.137 DEBUG TaigaClient:? - Saving project ==> Datenschutz und -sicherheit
2014-12-11 14:29:16.466 DEBUG TaigaClient:? - Saving project ==> 2. IT-Administration
2014-12-11 14:29:17.763 DEBUG TaigaClient:? - Saving project ==> Continuous Integration
2014-12-11 14:29:18.793 DEBUG TaigaClient:? - Saving project ==> Redmine
2014-12-11 14:29:19.111 DEBUG TaigaClient:? - Saving project ==> 3. Finanzen/Controlling
2014-12-11 14:29:19.494 DEBUG TaigaClient:? - Saving project ==> 4. Personal/Team
2014-12-11 14:29:19.736 DEBUG TaigaClient:? - Saving project ==> 5. Vertrieb/Marketing
2014-12-11 14:29:19.959 DEBUG TaigaClient:? - Saving project ==> media world neue Webseite
2014-12-11 14:29:20.422 DEBUG TaigaClient:? - Saving project ==> 6. Projekte
2014-12-11 14:29:20.855 DEBUG TaigaClient:? - Saving project ==> TimeTracker
2014-12-11 14:29:21.316 DEBUG TaigaClient:? - Saving project ==> WebServices First
2014-12-11 14:29:21.554 DEBUG TaigaClient:? - Saving project ==> 7. Führung/Strategie
